<?xml version="1.0" encoding="UTF-8"?>
<!-- Generated by org.testng.reporters.JUnitReportReporter -->
<testsuite hostname="DESKTOP-5B2A0L0" failures="0" tests="1" name="implementation.G_LoginWithAdmin" time="18.870" errors="0" timestamp="2023-03-11T18:23:05 IST" skipped="0">
  <testcase classname="implementation.G_LoginWithAdmin" name="G_LoginWithAdminMethod" time="18.870"/>
  <system-out/>
</testsuite> <!-- implementation.G_LoginWithAdmin -->
