<?xml version="1.0" encoding="UTF-8"?>
<!-- Generated by org.testng.reporters.JUnitReportReporter -->
<testsuite hostname="DESKTOP-5B2A0L0" failures="0" tests="1" name="implementation.A_Login" time="13.586" errors="0" timestamp="2023-03-11T14:24:18 IST" skipped="0">
  <testcase classname="implementation.A_Login" name="A_LoginMethod" time="13.586"/>
  <system-out/>
</testsuite> <!-- implementation.A_Login -->
