<?xml version="1.0" encoding="UTF-8"?>
<!-- Generated by org.testng.reporters.JUnitReportReporter -->
<testsuite hostname="DESKTOP-5B2A0L0" failures="0" tests="3" name="implementation.C_ShippingAddressWithExistingEntry" time="70.661" errors="0" timestamp="2023-03-11T15:57:19 IST" skipped="0">
  <testcase classname="implementation.C_ShippingAddressWithExistingEntry" name="B_addToCartMethod" time="32.564"/>
  <system-out/>
  <testcase classname="implementation.C_ShippingAddressWithExistingEntry" name="A_LoginMethod" time="18.469"/>
  <system-out/>
  <testcase classname="implementation.C_ShippingAddressWithExistingEntry" name="C_ShippingAddressWithExistingEntryMethod" time="19.628"/>
  <system-out/>
</testsuite> <!-- implementation.C_ShippingAddressWithExistingEntry -->
