<?xml version="1.0" encoding="UTF-8"?>
<!-- Generated by org.testng.reporters.JUnitReportReporter -->
<testsuite hostname="DESKTOP-5B2A0L0" failures="0" tests="4" name="implementation.E_paymentSection" time="57.100" errors="0" timestamp="2023-03-11T17:01:08 IST" skipped="0">
  <testcase classname="implementation.E_paymentSection" name="B_addToCartMethod" time="19.715"/>
  <system-out/>
  <testcase classname="implementation.E_paymentSection" name="C_ShippingAddressWithExistingEntryMethod" time="11.993"/>
  <system-out/>
  <testcase classname="implementation.E_paymentSection" name="E_paymentSectionMethod" time="7.931"/>
  <system-out/>
  <testcase classname="implementation.E_paymentSection" name="A_LoginMethod" time="17.461"/>
  <system-out/>
</testsuite> <!-- implementation.E_paymentSection -->
