<?xml version="1.0" encoding="UTF-8"?>
<!-- Generated by org.testng.reporters.JUnitReportReporter -->
<testsuite hostname="DESKTOP-5B2A0L0" failures="0" tests="2" name="implementation.H_CreationNewProduct" time="51.186" errors="0" timestamp="2023-03-11T21:27:29 IST" skipped="0">
  <testcase classname="implementation.H_CreationNewProduct" name="H_CreationNewProductMethod" time="28.993"/>
  <system-out/>
  <testcase classname="implementation.H_CreationNewProduct" name="G_LoginWithAdminMethod" time="22.193"/>
  <system-out/>
</testsuite> <!-- implementation.H_CreationNewProduct -->
