<?xml version="1.0" encoding="UTF-8"?>
<!-- Generated by org.testng.reporters.JUnitReportReporter -->
<testsuite hostname="DESKTOP-5B2A0L0" failures="0" tests="2" name="implementation.B_addToCart" time="32.995" errors="0" timestamp="2023-03-11T16:29:49 IST" skipped="0">
  <testcase classname="implementation.B_addToCart" name="A_LoginMethod" time="13.015"/>
  <system-out/>
  <testcase classname="implementation.B_addToCart" name="B_addToCartMethod" time="19.980"/>
  <system-out/>
</testsuite> <!-- implementation.B_addToCart -->
